<?xml version="1.0" encoding="UTF-8"?>
<!-- Generated by org.testng.reporters.JUnitReportReporter -->
<testsuite hostname="LAPTOP-OF9LD22N" failures="0" tests="1" name="testscripts.TC002" time="7.441" errors="0" timestamp="29 Mar 2022 19:30:05 GMT">
  <testcase classname="testscripts.TC002" name="jen" time="7.441"/>
</testsuite> <!-- testscripts.TC002 -->
