<?xml version="1.0" encoding="UTF-8"?>
<!-- Generated by org.testng.reporters.JUnitReportReporter -->
<testsuite hostname="LAPTOP-OF9LD22N" failures="0" tests="1" name="testscripts.TC001" time="5.919" errors="0" timestamp="29 Mar 2022 19:23:58 GMT">
  <testcase classname="testscripts.TC001" name="high" time="5.919"/>
</testsuite> <!-- testscripts.TC001 -->
